[W 2025-07-26 04:54:38.361 ServerApp] ServerApp.token config is deprecated in 2.0. Use IdentityProvider.token.
[I 2025-07-26 04:54:38.383 ServerApp] jupyter_lsp | extension was successfully linked.
[I 2025-07-26 04:54:38.386 ServerApp] jupyter_server_terminals | extension was successfully linked.
[I 2025-07-26 04:54:38.390 ServerApp] jupyterlab | extension was successfully linked.
[I 2025-07-26 04:54:38.393 ServerApp] notebook | extension was successfully linked.
[I 2025-07-26 04:54:38.656 ServerApp] jupyter_nbextensions_configurator | extension was found and enabled by notebook_shim. Consider moving the extension to Jupyter Server's extension paths.
[I 2025-07-26 04:54:38.656 ServerApp] jupyter_nbextensions_configurator | extension was successfully linked.
[I 2025-07-26 04:54:38.656 ServerApp] notebook_shim | extension was successfully linked.
[I 2025-07-26 04:54:38.673 ServerApp] notebook_shim | extension was successfully loaded.
[I 2025-07-26 04:54:38.675 ServerApp] jupyter_lsp | extension was successfully loaded.
[I 2025-07-26 04:54:38.676 ServerApp] [jupyter_nbextensions_configurator] enabled 0.6.4
[I 2025-07-26 04:54:38.676 ServerApp] jupyter_nbextensions_configurator | extension was successfully loaded.
[I 2025-07-26 04:54:38.677 ServerApp] jupyter_server_terminals | extension was successfully loaded.
[I 2025-07-26 04:54:38.681 LabApp] JupyterLab extension loaded from /usr/local/lib/python3.11/site-packages/jupyterlab
[I 2025-07-26 04:54:38.681 LabApp] JupyterLab application directory is /usr/local/share/jupyter/lab
[I 2025-07-26 04:54:38.681 LabApp] Extension Manager is 'pypi'.
[I 2025-07-26 04:54:38.735 ServerApp] jupyterlab | extension was successfully loaded.
[I 2025-07-26 04:54:38.738 ServerApp] notebook | extension was successfully loaded.
[I 2025-07-26 04:54:38.739 ServerApp] The port 8888 is already in use, trying another port.
[I 2025-07-26 04:54:38.739 ServerApp] Serving notebooks from local directory: /workspace/notebooks_final
[I 2025-07-26 04:54:38.739 ServerApp] Jupyter Server 2.16.0 is running at:
[I 2025-07-26 04:54:38.739 ServerApp] http://57f6c66f9377:8889/lab?token=...
[I 2025-07-26 04:54:38.739 ServerApp]     http://127.0.0.1:8889/lab?token=...
[I 2025-07-26 04:54:38.739 ServerApp] Use Control-C to stop this server and shut down all kernels (twice to skip confirmation).
[I 2025-07-26 04:54:38.756 ServerApp] Skipped non-installed server(s): bash-language-server, dockerfile-language-server-nodejs, javascript-typescript-langserver, jedi-language-server, julia-language-server, pyright, python-language-server, python-lsp-server, r-languageserver, sql-language-server, texlab, typescript-language-server, unified-language-server, vscode-css-languageserver-bin, vscode-html-languageserver-bin, vscode-json-languageserver-bin, yaml-language-server
